<?xml version="1.0" encoding="UTF-8"?>
<testsuites name="Tori_Test_Suite" time="41" tests="1" failures="0" errors="0">
   <testsuite name="Tori_Test_Suite" tests="1" failures="0" errors="0" time="41" timestamp="2019-02-20 17:46:53" hostname="Zahir - DESKTOP-DH2KCP9.lan" id="Test Suites/Tori_Test_Suite">
      <properties>
         <property name="deviceName" value=""/>
         <property name="devicePlatform" value=""/>
         <property name="logFolder" value="C:\\Users\\Zahir\\Katalon Studio\\Tori\\Reports\\Tori_Test_Suite\\20190220_174650"/>
         <property name="logFiles" value="C:\\Users\\Zahir\\Katalon Studio\\Tori\\Reports\\Tori_Test_Suite\\20190220_174650\\execution0.log"/>
         <property name="attachments" value=""/>
         <property name="hostName" value="Zahir - DESKTOP-DH2KCP9.lan"/>
         <property name="os" value="Windows 10 64bit"/>
         <property name="katalonVersion" value="5.10.1.1"/>
         <property name="browser" value="Chrome 72.0.3626.109"/>
         <property name="hostAddress" value="192.168.1.80"/>
         <property name="sessionId" value="c212987516d726a0ea1204f10c28c5af"/>
         <property name="seleniumVersion" value="3.7.1"/>
         <property name="proxyInformation" value="ProxyInformation{proxyOption=NO_PROXY, proxyServerType=HTTP, password=, proxyServerAddress=, proxyServerPort=0}"/>
         <property name="platform" value="Windows 10"/>
      </properties>
      <testcase name="Test Cases/Tori_Top_Menu" classname="Test Cases/Tori_Top_Menu" status="PASSED">
         <system-out><![CDATA[2019-02-20 17:46:54 - [TEST_CASE][PASSED] - Test Cases/Tori_Top_Menu: Test Cases/Tori_Top_Menu

2019-02-20 17:46:55 - [TEST_STEP][PASSED] - openBrowser(""): Browser is opened with url: ''

2019-02-20 17:46:55 - [MESSAGE][INFO] - Starting 'Chrome' driver

2019-02-20 17:46:55 - [MESSAGE][INFO] - Action delay is set to 0 seconds

2019-02-20 17:47:00 - [MESSAGE][PASSED] - Browser is opened with url: ''

2019-02-20 17:47:00 - [TEST_STEP][PASSED] - maximizeWindow(): Current window maximized

2019-02-20 17:47:02 - [MESSAGE][PASSED] - Current window maximized

2019-02-20 17:47:02 - [TEST_STEP][PASSED] - navigateToUrl(url): Navigate to 'https://tori.fi' successfully

2019-02-20 17:47:06 - [MESSAGE][PASSED] - Navigate to 'https://tori.fi' successfully

2019-02-20 17:47:06 - [TEST_STEP][PASSED] - waitForElementClickable(findTestObject("TOP_MENU/p_Kaikki ilmoitukset"), 2): Object 'Object Repository/TOP_MENU/p_Kaikki ilmoitukset' is clickable

2019-02-20 17:47:06 - [MESSAGE][PASSED] - Object 'Object Repository/TOP_MENU/p_Kaikki ilmoitukset' is clickable

2019-02-20 17:47:06 - [TEST_STEP][PASSED] - click(findTestObject("TOP_MENU/p_Kaikki ilmoitukset")): Object: 'Object Repository/TOP_MENU/p_Kaikki ilmoitukset' is clicked on

2019-02-20 17:47:15 - [MESSAGE][PASSED] - Object: 'Object Repository/TOP_MENU/p_Kaikki ilmoitukset' is clicked on

2019-02-20 17:47:15 - [TEST_STEP][PASSED] - waitForElementClickable(findTestObject("TOP_MENU/p_Autot"), 2): Object 'Object Repository/TOP_MENU/p_Autot' is clickable

2019-02-20 17:47:15 - [MESSAGE][PASSED] - Object 'Object Repository/TOP_MENU/p_Autot' is clickable

2019-02-20 17:47:15 - [TEST_STEP][PASSED] - click(findTestObject("TOP_MENU/p_Autot")): Object: 'Object Repository/TOP_MENU/p_Autot' is clicked on

2019-02-20 17:47:22 - [MESSAGE][PASSED] - Object: 'Object Repository/TOP_MENU/p_Autot' is clicked on

2019-02-20 17:47:22 - [TEST_STEP][PASSED] - waitForElementClickable(findTestObject("TOP_MENU/p_Asunnot"), 2): Object 'Object Repository/TOP_MENU/p_Asunnot' is clickable

2019-02-20 17:47:23 - [MESSAGE][PASSED] - Object 'Object Repository/TOP_MENU/p_Asunnot' is clickable

2019-02-20 17:47:23 - [TEST_STEP][PASSED] - click(findTestObject("TOP_MENU/p_Asunnot")): Object: 'Object Repository/TOP_MENU/p_Asunnot' is clicked on

2019-02-20 17:47:27 - [MESSAGE][PASSED] - Object: 'Object Repository/TOP_MENU/p_Asunnot' is clicked on

2019-02-20 17:47:27 - [TEST_STEP][PASSED] - waitForElementClickable(findTestObject("TOP_MENU/p_Tori-kaupat"), 2): Object 'Object Repository/TOP_MENU/p_Tori-kaupat' is clickable

2019-02-20 17:47:27 - [MESSAGE][PASSED] - Object 'Object Repository/TOP_MENU/p_Tori-kaupat' is clickable

2019-02-20 17:47:27 - [TEST_STEP][PASSED] - click(findTestObject("TOP_MENU/p_Tori-kaupat")): Object: 'Object Repository/TOP_MENU/p_Tori-kaupat' is clicked on

2019-02-20 17:47:32 - [MESSAGE][PASSED] - Object: 'Object Repository/TOP_MENU/p_Tori-kaupat' is clicked on

2019-02-20 17:47:32 - [TEST_STEP][PASSED] - waitForElementClickable(findTestObject("TOP_MENU/div_Tori-kaupat_header_logo"), 2): Object 'Object Repository/TOP_MENU/div_Tori-kaupat_header_logo' is clickable

2019-02-20 17:47:32 - [MESSAGE][PASSED] - Object 'Object Repository/TOP_MENU/div_Tori-kaupat_header_logo' is clickable

2019-02-20 17:47:32 - [TEST_STEP][PASSED] - click(findTestObject("TOP_MENU/div_Tori-kaupat_header_logo")): Object: 'Object Repository/TOP_MENU/div_Tori-kaupat_header_logo' is clicked on

2019-02-20 17:47:34 - [MESSAGE][PASSED] - Object: 'Object Repository/TOP_MENU/div_Tori-kaupat_header_logo' is clicked on

2019-02-20 17:47:34 - [TEST_STEP][PASSED] - closeBrowser(): Browser is closed

2019-02-20 17:47:35 - [MESSAGE][PASSED] - Browser is closed]]></system-out>
         <system-err><![CDATA[]]></system-err>
      </testcase>
      <system-out><![CDATA[2019-02-20 17:46:53 - [TEST_SUITE][PASSED] - Tori_Test_Suite: Test Cases/Tori_Top_Menu]]></system-out>
      <system-err><![CDATA[]]></system-err>
   </testsuite>
</testsuites>
