<?xml version="1.0" encoding="UTF-8"?>
<testsuites name="Tori_Test_Suite" time="113" tests="1" failures="0" errors="0">
   <testsuite name="Tori_Test_Suite" tests="1" failures="0" errors="0" time="113" timestamp="2019-02-20 18:40:15" hostname="Zahir - DESKTOP-DH2KCP9.lan" id="Test Suites/Tori_Test_Suite">
      <properties>
         <property name="deviceName" value=""/>
         <property name="devicePlatform" value=""/>
         <property name="logFolder" value="C:\\Users\\Zahir\\Katalon Studio\\Tori\\Tori\\Reports\\Tori_Test_Suite\\20190220_184011"/>
         <property name="logFiles" value="C:\\Users\\Zahir\\Katalon Studio\\Tori\\Tori\\Reports\\Tori_Test_Suite\\20190220_184011\\execution0.log"/>
         <property name="attachments" value=""/>
         <property name="hostName" value="Zahir - DESKTOP-DH2KCP9.lan"/>
         <property name="os" value="Windows 10 64bit"/>
         <property name="katalonVersion" value="5.10.1.1"/>
         <property name="browser" value="Firefox 65.0"/>
         <property name="hostAddress" value="192.168.1.80"/>
         <property name="sessionId" value="94b041be-3cd6-4b5f-8c3a-504c01355ccf"/>
         <property name="seleniumVersion" value="3.7.1"/>
         <property name="proxyInformation" value="ProxyInformation{proxyOption=NO_PROXY, proxyServerType=HTTP, password=, proxyServerAddress=, proxyServerPort=0}"/>
         <property name="platform" value="Windows 10"/>
      </properties>
      <testcase name="Test Cases/Tori_Top_Menu" classname="Test Cases/Tori_Top_Menu" status="PASSED">
         <system-out><![CDATA[2019-02-20 18:40:15 - [TEST_CASE][PASSED] - Test Cases/Tori_Top_Menu: Test Cases/Tori_Top_Menu

2019-02-20 18:40:16 - [TEST_STEP][PASSED] - openBrowser(""): Browser is opened with url: ''

2019-02-20 18:40:16 - [MESSAGE][INFO] - Starting 'Firefox' driver

2019-02-20 18:40:17 - [MESSAGE][INFO] - Action delay is set to 0 seconds

2019-02-20 18:40:24 - [MESSAGE][PASSED] - Browser is opened with url: ''

2019-02-20 18:40:24 - [TEST_STEP][PASSED] - maximizeWindow(): Current window maximized

2019-02-20 18:40:24 - [MESSAGE][PASSED] - Current window maximized

2019-02-20 18:40:24 - [TEST_STEP][PASSED] - navigateToUrl(url): Navigate to 'https://tori.fi' successfully

2019-02-20 18:40:30 - [MESSAGE][PASSED] - Navigate to 'https://tori.fi' successfully

2019-02-20 18:40:30 - [TEST_STEP][PASSED] - waitForElementClickable(findTestObject("TOP_MENU/p_Kaikki ilmoitukset"), 2): Object 'Object Repository/TOP_MENU/p_Kaikki ilmoitukset' is clickable

2019-02-20 18:40:31 - [MESSAGE][PASSED] - Object 'Object Repository/TOP_MENU/p_Kaikki ilmoitukset' is clickable

2019-02-20 18:40:31 - [TEST_STEP][PASSED] - click(findTestObject("TOP_MENU/p_Kaikki ilmoitukset")): Object: 'Object Repository/TOP_MENU/p_Kaikki ilmoitukset' is clicked on

2019-02-20 18:40:41 - [MESSAGE][PASSED] - Object: 'Object Repository/TOP_MENU/p_Kaikki ilmoitukset' is clicked on

2019-02-20 18:40:41 - [TEST_STEP][PASSED] - waitForElementClickable(findTestObject("TOP_MENU/p_Autot"), 2): Object 'Object Repository/TOP_MENU/p_Autot' is clickable

2019-02-20 18:40:41 - [MESSAGE][PASSED] - Object 'Object Repository/TOP_MENU/p_Autot' is clickable

2019-02-20 18:40:41 - [TEST_STEP][PASSED] - click(findTestObject("TOP_MENU/p_Autot")): Object: 'Object Repository/TOP_MENU/p_Autot' is clicked on

2019-02-20 18:40:49 - [MESSAGE][PASSED] - Object: 'Object Repository/TOP_MENU/p_Autot' is clicked on

2019-02-20 18:40:49 - [TEST_STEP][PASSED] - waitForElementClickable(findTestObject("TOP_MENU/p_Asunnot"), 2): Object 'Object Repository/TOP_MENU/p_Asunnot' is clickable

2019-02-20 18:40:50 - [MESSAGE][PASSED] - Object 'Object Repository/TOP_MENU/p_Asunnot' is clickable

2019-02-20 18:40:50 - [TEST_STEP][PASSED] - click(findTestObject("TOP_MENU/p_Asunnot")): Object: 'Object Repository/TOP_MENU/p_Asunnot' is clicked on

2019-02-20 18:41:53 - [MESSAGE][PASSED] - Object: 'Object Repository/TOP_MENU/p_Asunnot' is clicked on

2019-02-20 18:41:53 - [TEST_STEP][PASSED] - waitForElementClickable(findTestObject("TOP_MENU/p_Tori-kaupat"), 2): Object 'Object Repository/TOP_MENU/p_Tori-kaupat' is clickable

2019-02-20 18:41:53 - [MESSAGE][PASSED] - Object 'Object Repository/TOP_MENU/p_Tori-kaupat' is clickable

2019-02-20 18:41:53 - [TEST_STEP][PASSED] - click(findTestObject("TOP_MENU/p_Tori-kaupat")): Object: 'Object Repository/TOP_MENU/p_Tori-kaupat' is clicked on

2019-02-20 18:42:02 - [MESSAGE][PASSED] - Object: 'Object Repository/TOP_MENU/p_Tori-kaupat' is clicked on

2019-02-20 18:42:02 - [TEST_STEP][PASSED] - waitForElementClickable(findTestObject("TOP_MENU/div_Tori-kaupat_header_logo"), 2): Object 'Object Repository/TOP_MENU/div_Tori-kaupat_header_logo' is clickable

2019-02-20 18:42:03 - [MESSAGE][PASSED] - Object 'Object Repository/TOP_MENU/div_Tori-kaupat_header_logo' is clickable

2019-02-20 18:42:03 - [TEST_STEP][PASSED] - click(findTestObject("TOP_MENU/div_Tori-kaupat_header_logo")): Object: 'Object Repository/TOP_MENU/div_Tori-kaupat_header_logo' is clicked on

2019-02-20 18:42:05 - [MESSAGE][PASSED] - Object: 'Object Repository/TOP_MENU/div_Tori-kaupat_header_logo' is clicked on

2019-02-20 18:42:05 - [TEST_STEP][PASSED] - closeBrowser(): Browser is closed

2019-02-20 18:42:08 - [MESSAGE][PASSED] - Browser is closed]]></system-out>
         <system-err><![CDATA[]]></system-err>
      </testcase>
      <system-out><![CDATA[2019-02-20 18:40:15 - [TEST_SUITE][PASSED] - Tori_Test_Suite: Test Cases/Tori_Top_Menu]]></system-out>
      <system-err><![CDATA[]]></system-err>
   </testsuite>
</testsuites>
